<?xml version="1.0" encoding="UTF-8"?>
<testng-results skipped="0" failed="0" ignored="0" total="1" passed="1">
  <reporter-output>
  </reporter-output>
  <suite name="Default suite" duration-ms="31722" started-at="2019-07-21T15:53:44Z" finished-at="2019-07-21T15:54:16Z">
    <groups>
    </groups>
    <test name="Default test" duration-ms="31722" started-at="2019-07-21T15:53:44Z" finished-at="2019-07-21T15:54:16Z">
      <class name="firstTestNGPackage.FirstTestNGfile">
        <test-method status="PASS" signature="startTest()[pri:0, instance:firstTestNGPackage.FirstTestNGfile@5442a311]" name="startTest" is-config="true" duration-ms="406" started-at="2019-07-21T15:53:44Z" finished-at="2019-07-21T15:53:45Z">
          <reporter-output>
          </reporter-output>
        </test-method> <!-- startTest -->
        <test-method status="PASS" signature="passTC()[pri:0, instance:firstTestNGPackage.FirstTestNGfile@5442a311]" name="passTC" duration-ms="30393" started-at="2019-07-21T15:53:45Z" finished-at="2019-07-21T15:54:15Z">
          <reporter-output>
          </reporter-output>
        </test-method> <!-- passTC -->
        <test-method status="PASS" signature="getReslt(org.testng.ITestResult)[pri:0, instance:firstTestNGPackage.FirstTestNGfile@5442a311]" name="getReslt" is-config="true" duration-ms="7" started-at="2019-07-21T15:54:15Z" finished-at="2019-07-21T15:54:15Z">
          <params>
            <param index="0">
              <value>
                <![CDATA[[TestResult name=passTC status=SUCCESS method=FirstTestNGfile.passTC()[pri:0, instance:firstTestNGPackage.FirstTestNGfile@5442a311] output={null}]]]>
              </value>
            </param>
          </params>
          <reporter-output>
          </reporter-output>
        </test-method> <!-- getReslt -->
        <test-method status="PASS" signature="endReport()[pri:0, instance:firstTestNGPackage.FirstTestNGfile@5442a311]" name="endReport" is-config="true" duration-ms="871" started-at="2019-07-21T15:54:15Z" finished-at="2019-07-21T15:54:16Z">
          <reporter-output>
          </reporter-output>
        </test-method> <!-- endReport -->
      </class> <!-- firstTestNGPackage.FirstTestNGfile -->
    </test> <!-- Default test -->
  </suite> <!-- Default suite -->
</testng-results>
